Arguments: 
  C:\Program Files\nodejs\node.exe C:\Users\Lei\AppData\Roaming\npm\node_modules\yarn\bin\yarn.js add awilix

PATH: 
  C:\Program Files (x86)\Common Files\Oracle\Java\javapath;C:\Windows\system32;C:\Windows;C:\Windows\System32\Wbem;C:\Windows\System32\WindowsPowerShell\v1.0\;C:\Program Files\Intel\WiFi\bin\;C:\Program Files\Common Files\Intel\WirelessCommon\;C:\Program Files (x86)\NVIDIA Corporation\PhysX\Common;C:\wamp64\bin\php\php7.0.10;C:\Program Files (x86)\MySQL\MySQL Utilities 1.6\;C:\Program Files\nodejs\;C:\Program Files\Microsoft VS Code\bin;C:\WINDOWS\system32;C:\WINDOWS;C:\WINDOWS\System32\Wbem;C:\WINDOWS\System32\WindowsPowerShell\v1.0\;C:\WINDOWS\System32\OpenSSH\;C:\Program Files\PuTTY\;C:\Program Files\Java\jdk1.8.0_171\bin;C:\Users\Lei\AppData\Local\Programs\Python\Python36\Scripts\;C:\Users\Lei\AppData\Local\Programs\Python\Python36\;C:\Users\Lei\AppData\Local\Microsoft\WindowsApps;C:\Program Files\Intel\WiFi\bin\;C:\Program Files\Common Files\Intel\WirelessCommon\;C:\Program Files\Microsoft VS Code\bin;C:\Program Files\MySQL\MySQL Server 8.0\bin;C:\Users\Lei\AppData\Roaming\npm;C:\MyApp\cmder;C:\Program Files\MongoDB\Server\3.4\bin;

Yarn version: 
  1.13.0

Node version: 
  10.3.0

Platform: 
  win32 x64

Trace: 
  Error: ENOENT: no such file or directory, copyfile 'C:\Users\Lei\AppData\Local\Yarn\Cache\v4\npm-ms-2.1.1-30a5864eb3ebb0a66f2ebe6d727af06a09d86e0a\node_modules\ms\license.md' -> 'E:\yd_note\作业\week4\node_modules\https-proxy-agent\node_modules\ms\license.md'

npm manifest: 
  {
    "name": "week4",
    "version": "1.0.0",
    "main": "index.js",
    "scripts": {
      "test": "npm-run-all e2e",
      "dev": "cross-env NODE_ENV=development  nodemon server.js",
      "start:dev": "cross-env NODE_ENV=production  nodemon ./dist/server.js",
      "start:prod": "pm2 start pm2.json",
      "stop": "pm2 stop pm2.json",
      "watch:gc": "node --inspect ./dist/server.js",
      "build:es": "babel ./assets/js/module.js --out-file ./assets/js/module-bundle.js",
      "docs": "jsdoc ./models/  -d ./docs/jsdocs",
      "e2e": "node test/e2e/books/index.spec.js",
      "api": "node ./src/server/mochaRunner.js",
      "client:dev": "webpack --mode development ",
      "client:prod": "webpack --mode production ",
      "server:dev": "cross-env NODE_ENV=development gulp",
      "server:prod": "cross-env NODE_ENV=production gulp",
      "server:lint": "cross-env NODE_ENV=lint gulp",
      "all": "npm-run-all server:prod  client:prod"
    },
    "keywords": [],
    "author": "",
    "license": "ISC",
    "description": "",
    "dependencies": {
      "buffer-from": "^1.1.1",
      "co": "^4.6.0",
      "cross-env": "^5.2.0",
      "extract-zip": "^1.6.7",
      "koa-bodyparser": "^4.2.1",
      "koa-router": "^7.4.0",
      "koa-static": "^5.0.0",
      "koa-swig": "^2.2.1",
      "log4": "^3.1.0",
      "log4js": "^4.0.1",
      "memorystream": "^0.3.1",
      "node-fetch": "^2.3.0",
      "puppeteer": "^1.13.0",
      "request": "^2.88.0",
      "request-promise": "^4.2.2",
      "resolve-cwd": "^2.0.0",
      "swig": "^1.4.2",
      "underscore": "^1.9.1",
      "yargs-parser": "^13.0.0"
    },
    "devDependencies": {
      "@babel/cli": "^7.2.3",
      "@babel/core": "^7.2.2",
      "@babel/plugin-transform-modules-systemjs": "^7.2.0",
      "@babel/preset-env": "^7.3.4",
      "axios": "^0.18.0",
      "babel-plugin-transform-es2015-modules-commonjs": "^6.26.2",
      "cheerio": "^1.0.0-rc.2",
      "copy-webpack-plugin": "^5.0.0",
      "css-loader": "^2.1.0",
      "glob": "^7.1.3",
      "gulp-babel": "^8.0.0",
      "gulp-bro": "^1.0.3",
      "gulp-clean": "^0.4.0",
      "gulp-copy": "^4.0.1",
      "gulp-eslint": "^5.0.0",
      "gulp-rollup": "^2.16.2",
      "gulp-watch": "^5.0.1",
      "html-webpack-plugin": "^3.2.0",
      "jsdoc": "^3.5.5",
      "karma": "^4.0.0",
      "mini-css-extract-plugin": "^0.5.0",
      "mocha": "^5.2.0",
      "mochawesome": "^3.1.1",
      "npm-run-all": "^4.1.5",
      "puppeteer": "^1.12.1",
      "rize": "^0.8.0",
      "rollup-plugin-replace": "^2.1.0",
      "scripty": "^1.9.1",
      "style-loader": "^0.23.1",
      "webpack": "^4.29.5",
      "webpack-cli": "^3.2.3",
      "webpack-merge": "^4.2.1"
    }
  }

yarn manifest: 
  No manifest

Lockfile: 
  No lockfile
