[2019-02-04T03:57:13.396] [ERROR] cheese - SyntaxError: Unexpected token u in JSON at position 0
    at JSON.parse (<anonymous>)
    at Request.request [as _callback] (E:\yd_note\作业\week2\utils\requestPromise.js:5:18)
    at self.callback (E:\yd_note\作业\week2\node_modules\request\request.js:185:22)
    at Request.emit (events.js:182:13)
    at Request.init (E:\yd_note\作业\week2\node_modules\request\request.js:273:17)
    at new Request (E:\yd_note\作业\week2\node_modules\request\request.js:127:8)
    at request (E:\yd_note\作业\week2\node_modules\request\index.js:53:10)
    at Promise (E:\yd_note\作业\week2\utils\requestPromise.js:4:3)
    at new Promise (<anonymous>)
    at exports.get (E:\yd_note\作业\week2\utils\requestPromise.js:3:24)
[2019-02-04T03:57:14.972] [ERROR] cheese - SyntaxError: Unexpected token u in JSON at position 0
    at JSON.parse (<anonymous>)
    at Request.request [as _callback] (E:\yd_note\作业\week2\utils\requestPromise.js:5:18)
    at self.callback (E:\yd_note\作业\week2\node_modules\request\request.js:185:22)
    at Request.emit (events.js:182:13)
    at Request.init (E:\yd_note\作业\week2\node_modules\request\request.js:273:17)
    at new Request (E:\yd_note\作业\week2\node_modules\request\request.js:127:8)
    at request (E:\yd_note\作业\week2\node_modules\request\index.js:53:10)
    at Promise (E:\yd_note\作业\week2\utils\requestPromise.js:4:3)
    at new Promise (<anonymous>)
    at exports.get (E:\yd_note\作业\week2\utils\requestPromise.js:3:24)
[2019-02-04T03:57:23.411] [ERROR] cheese - SyntaxError: Unexpected token u in JSON at position 0
    at JSON.parse (<anonymous>)
    at Request.request [as _callback] (E:\yd_note\作业\week2\utils\requestPromise.js:5:18)
    at self.callback (E:\yd_note\作业\week2\node_modules\request\request.js:185:22)
    at Request.emit (events.js:182:13)
    at Request.init (E:\yd_note\作业\week2\node_modules\request\request.js:273:17)
    at new Request (E:\yd_note\作业\week2\node_modules\request\request.js:127:8)
    at request (E:\yd_note\作业\week2\node_modules\request\index.js:53:10)
    at Promise (E:\yd_note\作业\week2\utils\requestPromise.js:4:3)
    at new Promise (<anonymous>)
    at exports.get (E:\yd_note\作业\week2\utils\requestPromise.js:3:24)
[2019-02-04T03:57:40.617] [ERROR] cheese - SyntaxError: Unexpected token u in JSON at position 0
    at JSON.parse (<anonymous>)
    at Request.request [as _callback] (E:\yd_note\作业\week2\utils\requestPromise.js:5:18)
    at self.callback (E:\yd_note\作业\week2\node_modules\request\request.js:185:22)
    at Request.emit (events.js:182:13)
    at Request.init (E:\yd_note\作业\week2\node_modules\request\request.js:273:17)
    at new Request (E:\yd_note\作业\week2\node_modules\request\request.js:127:8)
    at request (E:\yd_note\作业\week2\node_modules\request\index.js:53:10)
    at Promise (E:\yd_note\作业\week2\utils\requestPromise.js:4:3)
    at new Promise (<anonymous>)
    at exports.get (E:\yd_note\作业\week2\utils\requestPromise.js:3:24)
[2019-02-04T03:57:58.702] [ERROR] cheese - SyntaxError: Unexpected token u in JSON at position 0
    at JSON.parse (<anonymous>)
    at Request.request [as _callback] (E:\yd_note\作业\week2\utils\requestPromise.js:5:18)
    at self.callback (E:\yd_note\作业\week2\node_modules\request\request.js:185:22)
    at Request.emit (events.js:182:13)
    at Request.init (E:\yd_note\作业\week2\node_modules\request\request.js:273:17)
    at new Request (E:\yd_note\作业\week2\node_modules\request\request.js:127:8)
    at request (E:\yd_note\作业\week2\node_modules\request\index.js:53:10)
    at Promise (E:\yd_note\作业\week2\utils\requestPromise.js:4:3)
    at new Promise (<anonymous>)
    at exports.get (E:\yd_note\作业\week2\utils\requestPromise.js:3:24)
[2019-02-04T03:57:59.717] [ERROR] cheese - SyntaxError: Unexpected token u in JSON at position 0
    at JSON.parse (<anonymous>)
    at Request.request [as _callback] (E:\yd_note\作业\week2\utils\requestPromise.js:5:18)
    at self.callback (E:\yd_note\作业\week2\node_modules\request\request.js:185:22)
    at Request.emit (events.js:182:13)
    at Request.init (E:\yd_note\作业\week2\node_modules\request\request.js:273:17)
    at new Request (E:\yd_note\作业\week2\node_modules\request\request.js:127:8)
    at request (E:\yd_note\作业\week2\node_modules\request\index.js:53:10)
    at Promise (E:\yd_note\作业\week2\utils\requestPromise.js:4:3)
    at new Promise (<anonymous>)
    at exports.get (E:\yd_note\作业\week2\utils\requestPromise.js:3:24)
[2019-02-04T03:58:24.909] [ERROR] cheese - SyntaxError: Unexpected token u in JSON at position 0
    at JSON.parse (<anonymous>)
    at Request.request [as _callback] (E:\yd_note\作业\week2\utils\requestPromise.js:5:18)
    at self.callback (E:\yd_note\作业\week2\node_modules\request\request.js:185:22)
    at Request.emit (events.js:182:13)
    at Request.init (E:\yd_note\作业\week2\node_modules\request\request.js:273:17)
    at new Request (E:\yd_note\作业\week2\node_modules\request\request.js:127:8)
    at request (E:\yd_note\作业\week2\node_modules\request\index.js:53:10)
    at Promise (E:\yd_note\作业\week2\utils\requestPromise.js:4:3)
    at new Promise (<anonymous>)
    at exports.get (E:\yd_note\作业\week2\utils\requestPromise.js:3:24)
[2019-02-04T03:58:25.595] [ERROR] cheese - SyntaxError: Unexpected token u in JSON at position 0
    at JSON.parse (<anonymous>)
    at Request.request [as _callback] (E:\yd_note\作业\week2\utils\requestPromise.js:5:18)
    at self.callback (E:\yd_note\作业\week2\node_modules\request\request.js:185:22)
    at Request.emit (events.js:182:13)
    at Request.init (E:\yd_note\作业\week2\node_modules\request\request.js:273:17)
    at new Request (E:\yd_note\作业\week2\node_modules\request\request.js:127:8)
    at request (E:\yd_note\作业\week2\node_modules\request\index.js:53:10)
    at Promise (E:\yd_note\作业\week2\utils\requestPromise.js:4:3)
    at new Promise (<anonymous>)
    at exports.get (E:\yd_note\作业\week2\utils\requestPromise.js:3:24)
[2019-02-04T03:58:26.130] [ERROR] cheese - SyntaxError: Unexpected token u in JSON at position 0
    at JSON.parse (<anonymous>)
    at Request.request [as _callback] (E:\yd_note\作业\week2\utils\requestPromise.js:5:18)
    at self.callback (E:\yd_note\作业\week2\node_modules\request\request.js:185:22)
    at Request.emit (events.js:182:13)
    at Request.init (E:\yd_note\作业\week2\node_modules\request\request.js:273:17)
    at new Request (E:\yd_note\作业\week2\node_modules\request\request.js:127:8)
    at request (E:\yd_note\作业\week2\node_modules\request\index.js:53:10)
    at Promise (E:\yd_note\作业\week2\utils\requestPromise.js:4:3)
    at new Promise (<anonymous>)
    at exports.get (E:\yd_note\作业\week2\utils\requestPromise.js:3:24)
[2019-02-04T03:58:26.342] [ERROR] cheese - SyntaxError: Unexpected token u in JSON at position 0
    at JSON.parse (<anonymous>)
    at Request.request [as _callback] (E:\yd_note\作业\week2\utils\requestPromise.js:5:18)
    at self.callback (E:\yd_note\作业\week2\node_modules\request\request.js:185:22)
    at Request.emit (events.js:182:13)
    at Request.init (E:\yd_note\作业\week2\node_modules\request\request.js:273:17)
    at new Request (E:\yd_note\作业\week2\node_modules\request\request.js:127:8)
    at request (E:\yd_note\作业\week2\node_modules\request\index.js:53:10)
    at Promise (E:\yd_note\作业\week2\utils\requestPromise.js:4:3)
    at new Promise (<anonymous>)
    at exports.get (E:\yd_note\作业\week2\utils\requestPromise.js:3:24)
[2019-02-04T03:58:26.544] [ERROR] cheese - SyntaxError: Unexpected token u in JSON at position 0
    at JSON.parse (<anonymous>)
    at Request.request [as _callback] (E:\yd_note\作业\week2\utils\requestPromise.js:5:18)
    at self.callback (E:\yd_note\作业\week2\node_modules\request\request.js:185:22)
    at Request.emit (events.js:182:13)
    at Request.init (E:\yd_note\作业\week2\node_modules\request\request.js:273:17)
    at new Request (E:\yd_note\作业\week2\node_modules\request\request.js:127:8)
    at request (E:\yd_note\作业\week2\node_modules\request\index.js:53:10)
    at Promise (E:\yd_note\作业\week2\utils\requestPromise.js:4:3)
    at new Promise (<anonymous>)
    at exports.get (E:\yd_note\作业\week2\utils\requestPromise.js:3:24)
[2019-02-04T03:58:26.723] [ERROR] cheese - SyntaxError: Unexpected token u in JSON at position 0
    at JSON.parse (<anonymous>)
    at Request.request [as _callback] (E:\yd_note\作业\week2\utils\requestPromise.js:5:18)
    at self.callback (E:\yd_note\作业\week2\node_modules\request\request.js:185:22)
    at Request.emit (events.js:182:13)
    at Request.init (E:\yd_note\作业\week2\node_modules\request\request.js:273:17)
    at new Request (E:\yd_note\作业\week2\node_modules\request\request.js:127:8)
    at request (E:\yd_note\作业\week2\node_modules\request\index.js:53:10)
    at Promise (E:\yd_note\作业\week2\utils\requestPromise.js:4:3)
    at new Promise (<anonymous>)
    at exports.get (E:\yd_note\作业\week2\utils\requestPromise.js:3:24)
[2019-02-04T03:58:54.969] [ERROR] cheese - SyntaxError: Unexpected token u in JSON at position 0
    at JSON.parse (<anonymous>)
    at Request.request [as _callback] (E:\yd_note\作业\week2\utils\requestPromise.js:5:18)
    at self.callback (E:\yd_note\作业\week2\node_modules\request\request.js:185:22)
    at Request.emit (events.js:182:13)
    at Request.init (E:\yd_note\作业\week2\node_modules\request\request.js:273:17)
    at new Request (E:\yd_note\作业\week2\node_modules\request\request.js:127:8)
    at request (E:\yd_note\作业\week2\node_modules\request\index.js:53:10)
    at Promise (E:\yd_note\作业\week2\utils\requestPromise.js:4:3)
    at new Promise (<anonymous>)
    at exports.get (E:\yd_note\作业\week2\utils\requestPromise.js:3:24)
[2019-02-04T03:58:55.247] [ERROR] cheese - SyntaxError: Unexpected token u in JSON at position 0
    at JSON.parse (<anonymous>)
    at Request.request [as _callback] (E:\yd_note\作业\week2\utils\requestPromise.js:5:18)
    at self.callback (E:\yd_note\作业\week2\node_modules\request\request.js:185:22)
    at Request.emit (events.js:182:13)
    at Request.init (E:\yd_note\作业\week2\node_modules\request\request.js:273:17)
    at new Request (E:\yd_note\作业\week2\node_modules\request\request.js:127:8)
    at request (E:\yd_note\作业\week2\node_modules\request\index.js:53:10)
    at Promise (E:\yd_note\作业\week2\utils\requestPromise.js:4:3)
    at new Promise (<anonymous>)
    at exports.get (E:\yd_note\作业\week2\utils\requestPromise.js:3:24)
[2019-02-04T04:00:01.180] [ERROR] cheese - SyntaxError: Unexpected token u in JSON at position 0
    at JSON.parse (<anonymous>)
    at Request.request [as _callback] (E:\yd_note\作业\week2\utils\requestPromise.js:5:18)
    at self.callback (E:\yd_note\作业\week2\node_modules\request\request.js:185:22)
    at Request.emit (events.js:182:13)
    at Request.init (E:\yd_note\作业\week2\node_modules\request\request.js:273:17)
    at new Request (E:\yd_note\作业\week2\node_modules\request\request.js:127:8)
    at request (E:\yd_note\作业\week2\node_modules\request\index.js:53:10)
    at Promise (E:\yd_note\作业\week2\utils\requestPromise.js:4:3)
    at new Promise (<anonymous>)
    at exports.get (E:\yd_note\作业\week2\utils\requestPromise.js:3:24)
[2019-02-04T04:00:33.109] [ERROR] cheese - SyntaxError: Unexpected token u in JSON at position 0
    at JSON.parse (<anonymous>)
    at Request.request [as _callback] (E:\yd_note\作业\week2\utils\requestPromise.js:5:18)
    at self.callback (E:\yd_note\作业\week2\node_modules\request\request.js:185:22)
    at Request.emit (events.js:182:13)
    at Request.init (E:\yd_note\作业\week2\node_modules\request\request.js:273:17)
    at new Request (E:\yd_note\作业\week2\node_modules\request\request.js:127:8)
    at request (E:\yd_note\作业\week2\node_modules\request\index.js:53:10)
    at Promise (E:\yd_note\作业\week2\utils\requestPromise.js:4:3)
    at new Promise (<anonymous>)
    at exports.get (E:\yd_note\作业\week2\utils\requestPromise.js:3:24)
[2019-02-04T04:00:42.656] [ERROR] cheese - SyntaxError: Unexpected token u in JSON at position 0
    at JSON.parse (<anonymous>)
    at Request.request [as _callback] (E:\yd_note\作业\week2\utils\requestPromise.js:5:18)
    at self.callback (E:\yd_note\作业\week2\node_modules\request\request.js:185:22)
    at Request.emit (events.js:182:13)
    at Request.init (E:\yd_note\作业\week2\node_modules\request\request.js:273:17)
    at new Request (E:\yd_note\作业\week2\node_modules\request\request.js:127:8)
    at request (E:\yd_note\作业\week2\node_modules\request\index.js:53:10)
    at Promise (E:\yd_note\作业\week2\utils\requestPromise.js:4:3)
    at new Promise (<anonymous>)
    at exports.get (E:\yd_note\作业\week2\utils\requestPromise.js:3:24)
[2019-02-04T04:00:45.207] [ERROR] cheese - SyntaxError: Unexpected token u in JSON at position 0
    at JSON.parse (<anonymous>)
    at Request.request [as _callback] (E:\yd_note\作业\week2\utils\requestPromise.js:5:18)
    at self.callback (E:\yd_note\作业\week2\node_modules\request\request.js:185:22)
    at Request.emit (events.js:182:13)
    at Request.init (E:\yd_note\作业\week2\node_modules\request\request.js:273:17)
    at new Request (E:\yd_note\作业\week2\node_modules\request\request.js:127:8)
    at request (E:\yd_note\作业\week2\node_modules\request\index.js:53:10)
    at Promise (E:\yd_note\作业\week2\utils\requestPromise.js:4:3)
    at new Promise (<anonymous>)
    at exports.get (E:\yd_note\作业\week2\utils\requestPromise.js:3:24)
[2019-02-04T04:00:45.825] [ERROR] cheese - SyntaxError: Unexpected token u in JSON at position 0
    at JSON.parse (<anonymous>)
    at Request.request [as _callback] (E:\yd_note\作业\week2\utils\requestPromise.js:5:18)
    at self.callback (E:\yd_note\作业\week2\node_modules\request\request.js:185:22)
    at Request.emit (events.js:182:13)
    at Request.init (E:\yd_note\作业\week2\node_modules\request\request.js:273:17)
    at new Request (E:\yd_note\作业\week2\node_modules\request\request.js:127:8)
    at request (E:\yd_note\作业\week2\node_modules\request\index.js:53:10)
    at Promise (E:\yd_note\作业\week2\utils\requestPromise.js:4:3)
    at new Promise (<anonymous>)
    at exports.get (E:\yd_note\作业\week2\utils\requestPromise.js:3:24)
[2019-02-04T04:00:46.101] [ERROR] cheese - SyntaxError: Unexpected token u in JSON at position 0
    at JSON.parse (<anonymous>)
    at Request.request [as _callback] (E:\yd_note\作业\week2\utils\requestPromise.js:5:18)
    at self.callback (E:\yd_note\作业\week2\node_modules\request\request.js:185:22)
    at Request.emit (events.js:182:13)
    at Request.init (E:\yd_note\作业\week2\node_modules\request\request.js:273:17)
    at new Request (E:\yd_note\作业\week2\node_modules\request\request.js:127:8)
    at request (E:\yd_note\作业\week2\node_modules\request\index.js:53:10)
    at Promise (E:\yd_note\作业\week2\utils\requestPromise.js:4:3)
    at new Promise (<anonymous>)
    at exports.get (E:\yd_note\作业\week2\utils\requestPromise.js:3:24)
[2019-02-04T04:00:46.290] [ERROR] cheese - SyntaxError: Unexpected token u in JSON at position 0
    at JSON.parse (<anonymous>)
    at Request.request [as _callback] (E:\yd_note\作业\week2\utils\requestPromise.js:5:18)
    at self.callback (E:\yd_note\作业\week2\node_modules\request\request.js:185:22)
    at Request.emit (events.js:182:13)
    at Request.init (E:\yd_note\作业\week2\node_modules\request\request.js:273:17)
    at new Request (E:\yd_note\作业\week2\node_modules\request\request.js:127:8)
    at request (E:\yd_note\作业\week2\node_modules\request\index.js:53:10)
    at Promise (E:\yd_note\作业\week2\utils\requestPromise.js:4:3)
    at new Promise (<anonymous>)
    at exports.get (E:\yd_note\作业\week2\utils\requestPromise.js:3:24)
[2019-02-04T04:00:46.478] [ERROR] cheese - SyntaxError: Unexpected token u in JSON at position 0
    at JSON.parse (<anonymous>)
    at Request.request [as _callback] (E:\yd_note\作业\week2\utils\requestPromise.js:5:18)
    at self.callback (E:\yd_note\作业\week2\node_modules\request\request.js:185:22)
    at Request.emit (events.js:182:13)
    at Request.init (E:\yd_note\作业\week2\node_modules\request\request.js:273:17)
    at new Request (E:\yd_note\作业\week2\node_modules\request\request.js:127:8)
    at request (E:\yd_note\作业\week2\node_modules\request\index.js:53:10)
    at Promise (E:\yd_note\作业\week2\utils\requestPromise.js:4:3)
    at new Promise (<anonymous>)
    at exports.get (E:\yd_note\作业\week2\utils\requestPromise.js:3:24)
[2019-02-04T04:01:11.998] [ERROR] cheese - SyntaxError: Unexpected token u in JSON at position 0
    at JSON.parse (<anonymous>)
    at Request.request [as _callback] (E:\yd_note\作业\week2\utils\requestPromise.js:5:18)
    at self.callback (E:\yd_note\作业\week2\node_modules\request\request.js:185:22)
    at Request.emit (events.js:182:13)
    at Request.init (E:\yd_note\作业\week2\node_modules\request\request.js:273:17)
    at new Request (E:\yd_note\作业\week2\node_modules\request\request.js:127:8)
    at request (E:\yd_note\作业\week2\node_modules\request\index.js:53:10)
    at Promise (E:\yd_note\作业\week2\utils\requestPromise.js:4:3)
    at new Promise (<anonymous>)
    at exports.get (E:\yd_note\作业\week2\utils\requestPromise.js:3:24)
[2019-02-04T04:02:03.908] [ERROR] cheese - SyntaxError: Unexpected token u in JSON at position 0
    at JSON.parse (<anonymous>)
    at Request.request [as _callback] (E:\yd_note\作业\week2\utils\requestPromise.js:5:18)
    at self.callback (E:\yd_note\作业\week2\node_modules\request\request.js:185:22)
    at Request.emit (events.js:182:13)
    at Request.init (E:\yd_note\作业\week2\node_modules\request\request.js:273:17)
    at new Request (E:\yd_note\作业\week2\node_modules\request\request.js:127:8)
    at request (E:\yd_note\作业\week2\node_modules\request\index.js:53:10)
    at Promise (E:\yd_note\作业\week2\utils\requestPromise.js:4:3)
    at new Promise (<anonymous>)
    at exports.get (E:\yd_note\作业\week2\utils\requestPromise.js:3:24)
[2019-02-12T22:12:55.178] [ERROR] cheese - SyntaxError: Unexpected token u in JSON at position 0
    at JSON.parse (<anonymous>)
    at Request.request [as _callback] (E:\yd_note\作业\week3\src\utils\requestPromise.js:5:18)
    at self.callback (E:\yd_note\作业\week3\src\node_modules\request\request.js:185:22)
    at Request.emit (events.js:182:13)
    at Request.init (E:\yd_note\作业\week3\src\node_modules\request\request.js:273:17)
    at new Request (E:\yd_note\作业\week3\src\node_modules\request\request.js:127:8)
    at request (E:\yd_note\作业\week3\src\node_modules\request\index.js:53:10)
    at Promise (E:\yd_note\作业\week3\src\utils\requestPromise.js:4:3)
    at new Promise (<anonymous>)
    at exports.get (E:\yd_note\作业\week3\src\utils\requestPromise.js:3:24)
