Arguments: 
  C:\Program Files\nodejs\node.exe C:\Users\Lei\AppData\Roaming\npm\node_modules\yarn\bin\yarn.js add webpack-cli --save-dev

PATH: 
  C:\MyApp\cmder\bin;C:\MyApp\cmder\vendor\git-for-windows\cmd;C:\MyApp\cmder\vendor\conemu-maximus5\ConEmu\Scripts;C:\MyApp\cmder\vendor\conemu-maximus5;C:\MyApp\cmder\vendor\conemu-maximus5\ConEmu;C:\Program Files (x86)\Common Files\Oracle\Java\javapath;C:\Windows\system32;C:\Windows;C:\Windows\System32\Wbem;C:\Windows\System32\WindowsPowerShell\v1.0\;C:\Program Files\Intel\WiFi\bin\;C:\Program Files\Common Files\Intel\WirelessCommon\;C:\Program Files (x86)\NVIDIA Corporation\PhysX\Common;C:\wamp64\bin\php\php7.0.10;C:\Program Files (x86)\MySQL\MySQL Utilities 1.6\;C:\Program Files\nodejs\;C:\Program Files\Microsoft VS Code\bin;C:\WINDOWS\system32;C:\WINDOWS;C:\WINDOWS\System32\Wbem;C:\WINDOWS\System32\WindowsPowerShell\v1.0\;C:\WINDOWS\System32\OpenSSH\;C:\Program Files\PuTTY\;C:\Program Files\Java\jdk1.8.0_171\bin;C:\Users\Lei\AppData\Local\Programs\Python\Python36\Scripts\;C:\Users\Lei\AppData\Local\Programs\Python\Python36\;C:\Users\Lei\AppData\Local\Microsoft\WindowsApps;C:\Program Files\Intel\WiFi\bin\;C:\Program Files\Common Files\Intel\WirelessCommon\;C:\Program Files\Microsoft VS Code\bin;C:\Program Files\MySQL\MySQL Server 8.0\bin;C:\Users\Lei\AppData\Roaming\npm;C:\MyApp\cmder;C:\Program Files\MongoDB\Server\3.4\bin;C:\MyApp\cmder\vendor\git-for-windows\cmd;C:\MyApp\cmder\vendor\git-for-windows\mingw64;C:\MyApp\cmder\vendor\git-for-windows\usr\bin

Yarn version: 
  1.13.0

Node version: 
  10.3.0

Platform: 
  win32 x64

Trace: 
  Error: ENOENT: no such file or directory, copyfile 'C:\Users\Lei\AppData\Local\Yarn\Cache\v4\npm-ansi-regex-3.0.0-ed0317c322064f79466c02966bddb605ab37d998\node_modules\ansi-regex\license' -> 'E:\yd_note\前端工程化\webpack\webpack4\code\webpack_demo\node_modules\cliui\node_modules\ansi-regex\license'

npm manifest: 
  {
    "name": "webpack-demo",
    "version": "1.0.0",
    "description": "",
    "main": "index.js",
    "scripts": {
      "test": "echo \"Error: no test specified\" && exit 1",
      "prod": "webpack --mode production --module-bind js=babel-loader",
      "dev": "webpack --mode development --module-bind js=babel-loader"
    },
    "keywords": [],
    "author": "",
    "license": "ISC",
    "devDependencies": {
      "babel-loader": "^8.0.5",
      "webpack": "^4.29.3",
      "webpack-cli": "^3.2.3"
    }
  }

yarn manifest: 
  No manifest

Lockfile: 
  No lockfile
